# JRE version: OpenJDK Runtime Environment (21.0.9) (build 21.0.9+-14787801-b1163.94)
# Java VM: OpenJDK 64-Bit Server VM (21.0.9+-14787801-b1163.94, mixed mode, tiered, compressed oops, compressed class ptrs, g1 gc, windows-amd64)
GC Precious Log:
 CardTable entry size: 512
 Card Set container configuration: InlinePtr #cards 5 size 8 Array Of Cards #cards 12 size 40 Howl #buckets 4 coarsen threshold 1843 Howl Bitmap #cards 512 size 80 coarsen threshold 460 Card regions per heap region 1 cards per card region 2048
 CPUs: 12 total, 12 available
 Memory: 16076M
 Large Page Support: Disabled
 NUMA Support: Disabled
 Compressed Oops: Enabled (32-bit)
 Heap Region Size: 1M
 Heap Min Capacity: 8M
 Heap Initial Capacity: 252M
 Heap Max Capacity: 2G
 Pre-touch: Disabled
 Parallel Workers: 10
 Concurrent Workers: 3
 Concurrent Refinement Workers: 10
 Periodic GC: Disabled
Heap:
 garbage-first heap   total 209920K, used 115555K [0x0000000080000000, 0x0000000100000000)
  region size 1024K, 7 young (7168K), 7 survivors (7168K)
 Metaspace       used 113649K, committed 115968K, reserved 1179648K
  class space    used 16219K, committed 17344K, reserved 1048576K
GC Heap History (20 events):
Event: 15.968 GC heap after
{Heap after GC invocations=33 (full 0):
 garbage-first heap   total 202752K, used 91136K [0x0000000080000000, 0x0000000100000000)
  region size 1024K, 8 young (8192K), 8 survivors (8192K)
 Metaspace       used 98758K, committed 100928K, reserved 1179648K
  class space    used 14035K, committed 15104K, reserved 1048576K
}
Event: 17.267 GC heap before
{Heap before GC invocations=33 (full 0):
 garbage-first heap   total 202752K, used 187392K [0x0000000080000000, 0x0000000100000000)
  region size 1024K, 102 young (104448K), 8 survivors (8192K)
 Metaspace       used 105766K, committed 108096K, reserved 1179648K
  class space    used 15082K, committed 16192K, reserved 1048576K
}
Event: 17.278 GC heap after
{Heap after GC invocations=34 (full 0):
 garbage-first heap   total 202752K, used 94970K [0x0000000080000000, 0x0000000100000000)
  region size 1024K, 8 young (8192K), 8 survivors (8192K)
 Metaspace       used 105766K, committed 108096K, reserved 1179648K
  class space    used 15082K, committed 16192K, reserved 1048576K
}
Event: 18.526 GC heap before
{Heap before GC invocations=34 (full 0):
 garbage-first heap   total 202752K, used 188154K [0x0000000080000000, 0x0000000100000000)
  region size 1024K, 99 young (101376K), 8 survivors (8192K)
 Metaspace       used 110514K, committed 112960K, reserved 1179648K
  class space    used 15727K, committed 16896K, reserved 1048576K
}
Event: 18.538 GC heap after
{Heap after GC invocations=35 (full 0):
 garbage-first heap   total 205824K, used 103764K [0x0000000080000000, 0x0000000100000000)
  region size 1024K, 13 young (13312K), 13 survivors (13312K)
 Metaspace       used 110514K, committed 112960K, reserved 1179648K
  class space    used 15727K, committed 16896K, reserved 1048576K
}
Event: 19.681 GC heap before
{Heap before GC invocations=36 (full 0):
 garbage-first heap   total 205824K, used 186708K [0x0000000080000000, 0x0000000100000000)
  region size 1024K, 95 young (97280K), 13 survivors (13312K)
 Metaspace       used 113065K, committed 115520K, reserved 1179648K
  class space    used 16157K, committed 17344K, reserved 1048576K
}
Event: 19.697 GC heap after
{Heap after GC invocations=37 (full 0):
 garbage-first heap   total 209920K, used 111949K [0x0000000080000000, 0x0000000100000000)
  region size 1024K, 8 young (8192K), 8 survivors (8192K)
 Metaspace       used 113065K, committed 115520K, reserved 1179648K
  class space    used 16157K, committed 17344K, reserved 1048576K
}
Event: 19.899 GC heap before
{Heap before GC invocations=37 (full 0):
 garbage-first heap   total 209920K, used 190797K [0x0000000080000000, 0x0000000100000000)
  region size 1024K, 86 young (88064K), 8 survivors (8192K)
 Metaspace       used 113077K, committed 115520K, reserved 1179648K
  class space    used 16158K, committed 17344K, reserved 1048576K
}
Event: 19.909 GC heap after
{Heap after GC invocations=38 (full 0):
 garbage-first heap   total 209920K, used 113356K [0x0000000080000000, 0x0000000100000000)
  region size 1024K, 3 young (3072K), 3 survivors (3072K)
 Metaspace       used 113077K, committed 115520K, reserved 1179648K
  class space    used 16158K, committed 17344K, reserved 1048576K
}
Event: 20.472 GC heap before
{Heap before GC invocations=38 (full 0):
 garbage-first heap   total 209920K, used 193228K [0x0000000080000000, 0x0000000100000000)
  region size 1024K, 81 young (82944K), 3 survivors (3072K)
 Metaspace       used 113461K, committed 115840K, reserved 1179648K
  class space    used 16200K, committed 17344K, reserved 1048576K
}
Event: 20.477 GC heap after
{Heap after GC invocations=39 (full 0):
 garbage-first heap   total 209920K, used 114313K [0x0000000080000000, 0x0000000100000000)
  region size 1024K, 4 young (4096K), 4 survivors (4096K)
 Metaspace       used 113461K, committed 115840K, reserved 1179648K
  class space    used 16200K, committed 17344K, reserved 1048576K
}
Event: 20.876 GC heap before
{Heap before GC invocations=40 (full 0):
 garbage-first heap   total 209920K, used 194185K [0x0000000080000000, 0x0000000100000000)
  region size 1024K, 83 young (84992K), 4 survivors (4096K)
 Metaspace       used 113594K, committed 115968K, reserved 1179648K
  class space    used 16216K, committed 17344K, reserved 1048576K
}
Event: 20.884 GC heap after
{Heap after GC invocations=41 (full 0):
 garbage-first heap   total 209920K, used 114949K [0x0000000080000000, 0x0000000100000000)
  region size 1024K, 4 young (4096K), 4 survivors (4096K)
 Metaspace       used 113594K, committed 115968K, reserved 1179648K
  class space    used 16216K, committed 17344K, reserved 1048576K
}
Event: 21.078 GC heap before
{Heap before GC invocations=41 (full 0):
 garbage-first heap   total 209920K, used 196869K [0x0000000080000000, 0x0000000100000000)
  region size 1024K, 85 young (87040K), 4 survivors (4096K)
 Metaspace       used 113619K, committed 115968K, reserved 1179648K
  class space    used 16217K, committed 17344K, reserved 1048576K
}
Event: 21.086 GC heap after
{Heap after GC invocations=42 (full 0):
 garbage-first heap   total 209920K, used 115062K [0x0000000080000000, 0x0000000100000000)
  region size 1024K, 5 young (5120K), 5 survivors (5120K)
 Metaspace       used 113619K, committed 115968K, reserved 1179648K
  class space    used 16217K, committed 17344K, reserved 1048576K
}
Event: 21.242 GC heap before
{Heap before GC invocations=42 (full 0):
 garbage-first heap   total 209920K, used 196982K [0x0000000080000000, 0x0000000100000000)
  region size 1024K, 86 young (88064K), 5 survivors (5120K)
 Metaspace       used 113619K, committed 115968K, reserved 1179648K
  class space    used 16217K, committed 17344K, reserved 1048576K
}
Event: 21.249 GC heap after
{Heap after GC invocations=43 (full 0):
 garbage-first heap   total 209920K, used 115173K [0x0000000080000000, 0x0000000100000000)
  region size 1024K, 5 young (5120K), 5 survivors (5120K)
 Metaspace       used 113619K, committed 115968K, reserved 1179648K
  class space    used 16217K, committed 17344K, reserved 1048576K
}
Event: 21.513 GC heap before
{Heap before GC invocations=44 (full 0):
 garbage-first heap   total 209920K, used 198117K [0x0000000080000000, 0x0000000100000000)
  region size 1024K, 86 young (88064K), 5 survivors (5120K)
 Metaspace       used 113648K, committed 115968K, reserved 1179648K
  class space    used 16219K, committed 17344K, reserved 1048576K
}
Event: 21.521 GC heap after
{Heap after GC invocations=45 (full 0):
 garbage-first heap   total 209920K, used 115910K [0x0000000080000000, 0x0000000100000000)
  region size 1024K, 6 young (6144K), 6 survivors (6144K)
 Metaspace       used 113648K, committed 115968K, reserved 1179648K
  class space    used 16219K, committed 17344K, reserved 1048576K
}
Event: 21.660 GC heap before
{Heap before GC invocations=45 (full 0):
 garbage-first heap   total 209920K, used 196806K [0x0000000080000000, 0x0000000100000000)
  region size 1024K, 86 young (88064K), 6 survivors (6144K)
 Metaspace       used 113649K, committed 115968K, reserved 1179648K
  class space    used 16219K, committed 17344K, reserved 1048576K
}

