# JRE version: OpenJDK Runtime Environment (21.0.9) (build 21.0.9+-14787801-b1163.94)
# Java VM: OpenJDK 64-Bit Server VM (21.0.9+-14787801-b1163.94, mixed mode, tiered, compressed oops, compressed class ptrs, g1 gc, windows-amd64)
GC Precious Log:
 CardTable entry size: 512
 Card Set container configuration: InlinePtr #cards 5 size 8 Array Of Cards #cards 12 size 40 Howl #buckets 4 coarsen threshold 1843 Howl Bitmap #cards 512 size 80 coarsen threshold 460 Card regions per heap region 1 cards per card region 2048
 CPUs: 12 total, 12 available
 Memory: 16076M
 Large Page Support: Disabled
 NUMA Support: Disabled
 Compressed Oops: Enabled (32-bit)
 Heap Region Size: 1M
 Heap Min Capacity: 8M
 Heap Initial Capacity: 252M
 Heap Max Capacity: 2G
 Pre-touch: Disabled
 Parallel Workers: 10
 Concurrent Workers: 3
 Concurrent Refinement Workers: 10
 Periodic GC: Disabled
Heap:
 garbage-first heap   total 227328K, used 166648K [0x0000000080000000, 0x0000000100000000)
  region size 1024K, 35 young (35840K), 9 survivors (9216K)
 Metaspace       used 142676K, committed 145152K, reserved 1179648K
  class space    used 19619K, committed 20800K, reserved 1048576K
GC Heap History (20 events):
Event: 29.535 GC heap before
{Heap before GC invocations=41 (full 0):
 garbage-first heap   total 198656K, used 182162K [0x0000000080000000, 0x0000000100000000)
  region size 1024K, 69 young (70656K), 3 survivors (3072K)
 Metaspace       used 115720K, committed 118080K, reserved 1179648K
  class space    used 16444K, committed 17600K, reserved 1048576K
}
Event: 29.540 GC heap after
{Heap after GC invocations=42 (full 0):
 garbage-first heap   total 198656K, used 111728K [0x0000000080000000, 0x0000000100000000)
  region size 1024K, 4 young (4096K), 4 survivors (4096K)
 Metaspace       used 115720K, committed 118080K, reserved 1179648K
  class space    used 16444K, committed 17600K, reserved 1048576K
}
Event: 29.711 GC heap before
{Heap before GC invocations=42 (full 0):
 garbage-first heap   total 198656K, used 179312K [0x0000000080000000, 0x0000000100000000)
  region size 1024K, 71 young (72704K), 4 survivors (4096K)
 Metaspace       used 115723K, committed 118080K, reserved 1179648K
  class space    used 16444K, committed 17600K, reserved 1048576K
}
Event: 29.716 GC heap after
{Heap after GC invocations=43 (full 0):
 garbage-first heap   total 198656K, used 113088K [0x0000000080000000, 0x0000000100000000)
  region size 1024K, 5 young (5120K), 5 survivors (5120K)
 Metaspace       used 115723K, committed 118080K, reserved 1179648K
  class space    used 16444K, committed 17600K, reserved 1048576K
}
Event: 30.107 GC heap before
{Heap before GC invocations=43 (full 0):
 garbage-first heap   total 198656K, used 182720K [0x0000000080000000, 0x0000000100000000)
  region size 1024K, 74 young (75776K), 5 survivors (5120K)
 Metaspace       used 116692K, committed 119104K, reserved 1179648K
  class space    used 16565K, committed 17728K, reserved 1048576K
}
Event: 30.114 GC heap after
{Heap after GC invocations=44 (full 0):
 garbage-first heap   total 198656K, used 114464K [0x0000000080000000, 0x0000000100000000)
  region size 1024K, 7 young (7168K), 7 survivors (7168K)
 Metaspace       used 116692K, committed 119104K, reserved 1179648K
  class space    used 16565K, committed 17728K, reserved 1048576K
}
Event: 30.354 GC heap before
{Heap before GC invocations=45 (full 0):
 garbage-first heap   total 198656K, used 184096K [0x0000000080000000, 0x0000000100000000)
  region size 1024K, 76 young (77824K), 7 survivors (7168K)
 Metaspace       used 116857K, committed 119232K, reserved 1179648K
  class space    used 16577K, committed 17728K, reserved 1048576K
}
Event: 30.361 GC heap after
{Heap after GC invocations=46 (full 0):
 garbage-first heap   total 198656K, used 114980K [0x0000000080000000, 0x0000000100000000)
  region size 1024K, 4 young (4096K), 4 survivors (4096K)
 Metaspace       used 116857K, committed 119232K, reserved 1179648K
  class space    used 16577K, committed 17728K, reserved 1048576K
}
Event: 30.460 GC heap before
{Heap before GC invocations=46 (full 0):
 garbage-first heap   total 198656K, used 185636K [0x0000000080000000, 0x0000000100000000)
  region size 1024K, 74 young (75776K), 4 survivors (4096K)
 Metaspace       used 116860K, committed 119232K, reserved 1179648K
  class space    used 16577K, committed 17728K, reserved 1048576K
}
Event: 30.465 GC heap after
{Heap after GC invocations=47 (full 0):
 garbage-first heap   total 198656K, used 114131K [0x0000000080000000, 0x0000000100000000)
  region size 1024K, 4 young (4096K), 4 survivors (4096K)
 Metaspace       used 116860K, committed 119232K, reserved 1179648K
  class space    used 16577K, committed 17728K, reserved 1048576K
}
Event: 31.009 GC heap before
{Heap before GC invocations=47 (full 0):
 garbage-first heap   total 198656K, used 185811K [0x0000000080000000, 0x0000000100000000)
  region size 1024K, 75 young (76800K), 4 survivors (4096K)
 Metaspace       used 117157K, committed 119552K, reserved 1179648K
  class space    used 16615K, committed 17792K, reserved 1048576K
}
Event: 31.015 GC heap after
{Heap after GC invocations=48 (full 0):
 garbage-first heap   total 198656K, used 115129K [0x0000000080000000, 0x0000000100000000)
  region size 1024K, 5 young (5120K), 5 survivors (5120K)
 Metaspace       used 117157K, committed 119552K, reserved 1179648K
  class space    used 16615K, committed 17792K, reserved 1048576K
}
Event: 33.035 GC heap before
{Heap before GC invocations=49 (full 0):
 garbage-first heap   total 198656K, used 189881K [0x0000000080000000, 0x0000000100000000)
  region size 1024K, 75 young (76800K), 5 survivors (5120K)
 Metaspace       used 125112K, committed 127488K, reserved 1179648K
  class space    used 17662K, committed 18816K, reserved 1048576K
}
Event: 33.043 GC heap after
{Heap after GC invocations=50 (full 0):
 garbage-first heap   total 202752K, used 122997K [0x0000000080000000, 0x0000000100000000)
  region size 1024K, 10 young (10240K), 10 survivors (10240K)
 Metaspace       used 125112K, committed 127488K, reserved 1179648K
  class space    used 17662K, committed 18816K, reserved 1048576K
}
Event: 34.926 GC heap before
{Heap before GC invocations=50 (full 0):
 garbage-first heap   total 202752K, used 191605K [0x0000000080000000, 0x0000000100000000)
  region size 1024K, 76 young (77824K), 10 survivors (10240K)
 Metaspace       used 131902K, committed 134336K, reserved 1179648K
  class space    used 18383K, committed 19584K, reserved 1048576K
}
Event: 34.941 GC heap after
{Heap after GC invocations=51 (full 0):
 garbage-first heap   total 215040K, used 132227K [0x0000000080000000, 0x0000000100000000)
  region size 1024K, 10 young (10240K), 10 survivors (10240K)
 Metaspace       used 131902K, committed 134336K, reserved 1179648K
  class space    used 18383K, committed 19584K, reserved 1048576K
}
Event: 37.047 GC heap before
{Heap before GC invocations=51 (full 0):
 garbage-first heap   total 215040K, used 197763K [0x0000000080000000, 0x0000000100000000)
  region size 1024K, 74 young (75776K), 10 survivors (10240K)
 Metaspace       used 138677K, committed 141184K, reserved 1179648K
  class space    used 19198K, committed 20416K, reserved 1048576K
}
Event: 37.055 GC heap after
{Heap after GC invocations=52 (full 0):
 garbage-first heap   total 215040K, used 135477K [0x0000000080000000, 0x0000000100000000)
  region size 1024K, 4 young (4096K), 4 survivors (4096K)
 Metaspace       used 138677K, committed 141184K, reserved 1179648K
  class space    used 19198K, committed 20416K, reserved 1048576K
}
Event: 38.946 GC heap before
{Heap before GC invocations=53 (full 0):
 garbage-first heap   total 227328K, used 198965K [0x0000000080000000, 0x0000000100000000)
  region size 1024K, 66 young (67584K), 4 survivors (4096K)
 Metaspace       used 142267K, committed 144768K, reserved 1179648K
  class space    used 19584K, committed 20800K, reserved 1048576K
}
Event: 38.954 GC heap after
{Heap after GC invocations=54 (full 0):
 garbage-first heap   total 227328K, used 142072K [0x0000000080000000, 0x0000000100000000)
  region size 1024K, 9 young (9216K), 9 survivors (9216K)
 Metaspace       used 142267K, committed 144768K, reserved 1179648K
  class space    used 19584K, committed 20800K, reserved 1048576K
}

