# JRE version: OpenJDK Runtime Environment (21.0.9) (build 21.0.9+-14787801-b1163.94)
# Java VM: OpenJDK 64-Bit Server VM (21.0.9+-14787801-b1163.94, mixed mode, tiered, compressed oops, compressed class ptrs, g1 gc, windows-amd64)
GC Precious Log:
 CardTable entry size: 512
 Card Set container configuration: InlinePtr #cards 5 size 8 Array Of Cards #cards 12 size 40 Howl #buckets 4 coarsen threshold 1843 Howl Bitmap #cards 512 size 80 coarsen threshold 460 Card regions per heap region 1 cards per card region 2048
 CPUs: 12 total, 12 available
 Memory: 16076M
 Large Page Support: Disabled
 NUMA Support: Disabled
 Compressed Oops: Enabled (32-bit)
 Heap Region Size: 1M
 Heap Min Capacity: 8M
 Heap Initial Capacity: 252M
 Heap Max Capacity: 2G
 Pre-touch: Disabled
 Parallel Workers: 10
 Concurrent Workers: 3
 Concurrent Refinement Workers: 10
 Periodic GC: Disabled
Heap:
 garbage-first heap   total 167936K, used 89897K [0x0000000080000000, 0x0000000100000000)
  region size 1024K, 29 young (29696K), 12 survivors (12288K)
 Metaspace       used 79334K, committed 81344K, reserved 1179648K
  class space    used 11218K, committed 12160K, reserved 1048576K
GC Heap History (20 events):
Event: 10.718 GC heap before
{Heap before GC invocations=20 (full 0):
 garbage-first heap   total 89088K, used 80445K [0x0000000080000000, 0x0000000100000000)
  region size 1024K, 35 young (35840K), 5 survivors (5120K)
 Metaspace       used 71002K, committed 72896K, reserved 1114112K
  class space    used 10167K, committed 11072K, reserved 1048576K
}
Event: 10.723 GC heap after
{Heap after GC invocations=21 (full 0):
 garbage-first heap   total 107520K, used 52140K [0x0000000080000000, 0x0000000100000000)
  region size 1024K, 2 young (2048K), 2 survivors (2048K)
 Metaspace       used 71002K, committed 72896K, reserved 1114112K
  class space    used 10167K, committed 11072K, reserved 1048576K
}
Event: 10.891 GC heap before
{Heap before GC invocations=21 (full 0):
 garbage-first heap   total 107520K, used 97196K [0x0000000080000000, 0x0000000100000000)
  region size 1024K, 46 young (47104K), 2 survivors (2048K)
 Metaspace       used 71199K, committed 73088K, reserved 1114112K
  class space    used 10167K, committed 11072K, reserved 1048576K
}
Event: 10.894 GC heap after
{Heap after GC invocations=22 (full 0):
 garbage-first heap   total 107520K, used 52873K [0x0000000080000000, 0x0000000100000000)
  region size 1024K, 3 young (3072K), 3 survivors (3072K)
 Metaspace       used 71199K, committed 73088K, reserved 1114112K
  class space    used 10167K, committed 11072K, reserved 1048576K
}
Event: 11.022 GC heap before
{Heap before GC invocations=22 (full 0):
 garbage-first heap   total 107520K, used 96905K [0x0000000080000000, 0x0000000100000000)
  region size 1024K, 47 young (48128K), 3 survivors (3072K)
 Metaspace       used 71266K, committed 73152K, reserved 1114112K
  class space    used 10167K, committed 11072K, reserved 1048576K
}
Event: 11.026 GC heap after
{Heap after GC invocations=23 (full 0):
 garbage-first heap   total 107520K, used 53637K [0x0000000080000000, 0x0000000100000000)
  region size 1024K, 3 young (3072K), 3 survivors (3072K)
 Metaspace       used 71266K, committed 73152K, reserved 1114112K
  class space    used 10167K, committed 11072K, reserved 1048576K
}
Event: 11.218 GC heap before
{Heap before GC invocations=24 (full 0):
 garbage-first heap   total 107520K, used 98693K [0x0000000080000000, 0x0000000100000000)
  region size 1024K, 48 young (49152K), 3 survivors (3072K)
 Metaspace       used 71387K, committed 73280K, reserved 1114112K
  class space    used 10167K, committed 11072K, reserved 1048576K
}
Event: 11.223 GC heap after
{Heap after GC invocations=25 (full 0):
 garbage-first heap   total 107520K, used 54263K [0x0000000080000000, 0x0000000100000000)
  region size 1024K, 4 young (4096K), 4 survivors (4096K)
 Metaspace       used 71387K, committed 73280K, reserved 1114112K
  class space    used 10167K, committed 11072K, reserved 1048576K
}
Event: 11.339 GC heap before
{Heap before GC invocations=25 (full 0):
 garbage-first heap   total 107520K, used 99319K [0x0000000080000000, 0x0000000100000000)
  region size 1024K, 49 young (50176K), 4 survivors (4096K)
 Metaspace       used 71399K, committed 73344K, reserved 1114112K
  class space    used 10167K, committed 11072K, reserved 1048576K
}
Event: 11.345 GC heap after
{Heap after GC invocations=26 (full 0):
 garbage-first heap   total 107520K, used 54342K [0x0000000080000000, 0x0000000100000000)
  region size 1024K, 4 young (4096K), 4 survivors (4096K)
 Metaspace       used 71399K, committed 73344K, reserved 1114112K
  class space    used 10167K, committed 11072K, reserved 1048576K
}
Event: 11.465 GC heap before
{Heap before GC invocations=26 (full 0):
 garbage-first heap   total 107520K, used 100422K [0x0000000080000000, 0x0000000100000000)
  region size 1024K, 49 young (50176K), 4 survivors (4096K)
 Metaspace       used 71458K, committed 73408K, reserved 1114112K
  class space    used 10167K, committed 11072K, reserved 1048576K
}
Event: 11.471 GC heap after
{Heap after GC invocations=27 (full 0):
 garbage-first heap   total 156672K, used 54545K [0x0000000080000000, 0x0000000100000000)
  region size 1024K, 5 young (5120K), 5 survivors (5120K)
 Metaspace       used 71458K, committed 73408K, reserved 1114112K
  class space    used 10167K, committed 11072K, reserved 1048576K
}
Event: 11.682 GC heap before
{Heap before GC invocations=28 (full 0):
 garbage-first heap   total 156672K, used 141585K [0x0000000080000000, 0x0000000100000000)
  region size 1024K, 91 young (93184K), 5 survivors (5120K)
 Metaspace       used 71472K, committed 73408K, reserved 1114112K
  class space    used 10168K, committed 11072K, reserved 1048576K
}
Event: 11.687 GC heap after
{Heap after GC invocations=29 (full 0):
 garbage-first heap   total 156672K, used 55337K [0x0000000080000000, 0x0000000100000000)
  region size 1024K, 5 young (5120K), 5 survivors (5120K)
 Metaspace       used 71472K, committed 73408K, reserved 1114112K
  class space    used 10168K, committed 11072K, reserved 1048576K
}
Event: 11.831 GC heap before
{Heap before GC invocations=29 (full 0):
 garbage-first heap   total 156672K, used 142377K [0x0000000080000000, 0x0000000100000000)
  region size 1024K, 91 young (93184K), 5 survivors (5120K)
 Metaspace       used 71483K, committed 73408K, reserved 1114112K
  class space    used 10168K, committed 11072K, reserved 1048576K
}
Event: 11.837 GC heap after
{Heap after GC invocations=30 (full 0):
 garbage-first heap   total 156672K, used 56005K [0x0000000080000000, 0x0000000100000000)
  region size 1024K, 6 young (6144K), 6 survivors (6144K)
 Metaspace       used 71483K, committed 73408K, reserved 1114112K
  class space    used 10168K, committed 11072K, reserved 1048576K
}
Event: 12.099 GC heap before
{Heap before GC invocations=30 (full 0):
 garbage-first heap   total 156672K, used 76485K [0x0000000080000000, 0x0000000100000000)
  region size 1024K, 27 young (27648K), 6 survivors (6144K)
 Metaspace       used 71789K, committed 73728K, reserved 1114112K
  class space    used 10215K, committed 11136K, reserved 1048576K
}
Event: 12.105 GC heap after
{Heap after GC invocations=31 (full 0):
 garbage-first heap   total 156672K, used 58183K [0x0000000080000000, 0x0000000100000000)
  region size 1024K, 8 young (8192K), 8 survivors (8192K)
 Metaspace       used 71789K, committed 73728K, reserved 1114112K
  class space    used 10215K, committed 11136K, reserved 1048576K
}
Event: 13.448 GC heap before
{Heap before GC invocations=32 (full 0):
 garbage-first heap   total 156672K, used 151367K [0x0000000080000000, 0x0000000100000000)
  region size 1024K, 91 young (93184K), 8 survivors (8192K)
 Metaspace       used 77535K, committed 79488K, reserved 1179648K
  class space    used 10899K, committed 11840K, reserved 1048576K
}
Event: 13.454 GC heap after
{Heap after GC invocations=33 (full 0):
 garbage-first heap   total 167936K, used 73513K [0x0000000080000000, 0x0000000100000000)
  region size 1024K, 12 young (12288K), 12 survivors (12288K)
 Metaspace       used 77535K, committed 79488K, reserved 1179648K
  class space    used 10899K, committed 11840K, reserved 1048576K
}

