# JRE version: OpenJDK Runtime Environment (21.0.9) (build 21.0.9+-14787801-b1163.94)
# Java VM: OpenJDK 64-Bit Server VM (21.0.9+-14787801-b1163.94, mixed mode, tiered, compressed oops, compressed class ptrs, g1 gc, windows-amd64)
GC Precious Log:
 CardTable entry size: 512
 Card Set container configuration: InlinePtr #cards 5 size 8 Array Of Cards #cards 12 size 40 Howl #buckets 4 coarsen threshold 1843 Howl Bitmap #cards 512 size 80 coarsen threshold 460 Card regions per heap region 1 cards per card region 2048
 CPUs: 12 total, 12 available
 Memory: 16076M
 Large Page Support: Disabled
 NUMA Support: Disabled
 Compressed Oops: Enabled (32-bit)
 Heap Region Size: 1M
 Heap Min Capacity: 8M
 Heap Initial Capacity: 252M
 Heap Max Capacity: 2G
 Pre-touch: Disabled
 Parallel Workers: 10
 Concurrent Workers: 3
 Concurrent Refinement Workers: 10
 Periodic GC: Disabled
Heap:
 garbage-first heap   total 342016K, used 223798K [0x0000000080000000, 0x0000000100000000)
  region size 1024K, 27 young (27648K), 5 survivors (5120K)
 Metaspace       used 145060K, committed 147456K, reserved 1179648K
  class space    used 20853K, committed 22016K, reserved 1048576K
GC Heap History (20 events):
Event: 30.994 GC heap before
{Heap before GC invocations=62 (full 0):
 garbage-first heap   total 266240K, used 243824K [0x0000000080000000, 0x0000000100000000)
  region size 1024K, 123 young (125952K), 16 survivors (16384K)
 Metaspace       used 132127K, committed 134528K, reserved 1179648K
  class space    used 18867K, committed 20032K, reserved 1048576K
}
Event: 31.018 GC heap after
{Heap after GC invocations=63 (full 0):
 garbage-first heap   total 281600K, used 155392K [0x0000000080000000, 0x0000000100000000)
  region size 1024K, 16 young (16384K), 16 survivors (16384K)
 Metaspace       used 132127K, committed 134528K, reserved 1179648K
  class space    used 18867K, committed 20032K, reserved 1048576K
}
Event: 31.630 GC heap before
{Heap before GC invocations=64 (full 0):
 garbage-first heap   total 281600K, used 251648K [0x0000000080000000, 0x0000000100000000)
  region size 1024K, 111 young (113664K), 16 survivors (16384K)
 Metaspace       used 135241K, committed 137664K, reserved 1179648K
  class space    used 19408K, committed 20608K, reserved 1048576K
}
Event: 31.655 GC heap after
{Heap after GC invocations=65 (full 0):
 garbage-first heap   total 286720K, used 173056K [0x0000000080000000, 0x0000000100000000)
  region size 1024K, 14 young (14336K), 14 survivors (14336K)
 Metaspace       used 135241K, committed 137664K, reserved 1179648K
  class space    used 19408K, committed 20608K, reserved 1048576K
}
Event: 31.834 GC heap before
{Heap before GC invocations=65 (full 0):
 garbage-first heap   total 286720K, used 257024K [0x0000000080000000, 0x0000000100000000)
  region size 1024K, 97 young (99328K), 14 survivors (14336K)
 Metaspace       used 135820K, committed 138240K, reserved 1179648K
  class space    used 19506K, committed 20672K, reserved 1048576K
}
Event: 31.855 GC heap after
{Heap after GC invocations=66 (full 0):
 garbage-first heap   total 292864K, used 191488K [0x0000000080000000, 0x0000000100000000)
  region size 1024K, 13 young (13312K), 13 survivors (13312K)
 Metaspace       used 135820K, committed 138240K, reserved 1179648K
  class space    used 19506K, committed 20672K, reserved 1048576K
}
Event: 32.201 GC heap before
{Heap before GC invocations=66 (full 0):
 garbage-first heap   total 292864K, used 263168K [0x0000000080000000, 0x0000000100000000)
  region size 1024K, 84 young (86016K), 13 survivors (13312K)
 Metaspace       used 138903K, committed 141312K, reserved 1179648K
  class space    used 20064K, committed 21248K, reserved 1048576K
}
Event: 32.215 GC heap after
{Heap after GC invocations=67 (full 0):
 garbage-first heap   total 292864K, used 203021K [0x0000000080000000, 0x0000000100000000)
  region size 1024K, 10 young (10240K), 10 survivors (10240K)
 Metaspace       used 138903K, committed 141312K, reserved 1179648K
  class space    used 20064K, committed 21248K, reserved 1048576K
}
Event: 32.894 GC heap before
{Heap before GC invocations=68 (full 0):
 garbage-first heap   total 339968K, used 266509K [0x0000000080000000, 0x0000000100000000)
  region size 1024K, 73 young (74752K), 10 survivors (10240K)
 Metaspace       used 141519K, committed 143936K, reserved 1179648K
  class space    used 20428K, committed 21632K, reserved 1048576K
}
Event: 32.903 GC heap after
{Heap after GC invocations=69 (full 0):
 garbage-first heap   total 339968K, used 205584K [0x0000000080000000, 0x0000000100000000)
  region size 1024K, 3 young (3072K), 3 survivors (3072K)
 Metaspace       used 141519K, committed 143936K, reserved 1179648K
  class space    used 20428K, committed 21632K, reserved 1048576K
}
Event: 33.464 GC heap before
{Heap before GC invocations=69 (full 0):
 garbage-first heap   total 339968K, used 304912K [0x0000000080000000, 0x0000000100000000)
  region size 1024K, 101 young (103424K), 3 survivors (3072K)
 Metaspace       used 143334K, committed 145728K, reserved 1179648K
  class space    used 20630K, committed 21824K, reserved 1048576K
}
Event: 33.468 GC heap after
{Heap after GC invocations=70 (full 0):
 garbage-first heap   total 339968K, used 203288K [0x0000000080000000, 0x0000000100000000)
  region size 1024K, 3 young (3072K), 3 survivors (3072K)
 Metaspace       used 143334K, committed 145728K, reserved 1179648K
  class space    used 20630K, committed 21824K, reserved 1048576K
}
Event: 33.967 GC heap before
{Heap before GC invocations=70 (full 0):
 garbage-first heap   total 339968K, used 308760K [0x0000000080000000, 0x0000000100000000)
  region size 1024K, 107 young (109568K), 3 survivors (3072K)
 Metaspace       used 144201K, committed 146560K, reserved 1179648K
  class space    used 20741K, committed 21888K, reserved 1048576K
}
Event: 33.972 GC heap after
{Heap after GC invocations=71 (full 0):
 garbage-first heap   total 339968K, used 203674K [0x0000000080000000, 0x0000000100000000)
  region size 1024K, 3 young (3072K), 3 survivors (3072K)
 Metaspace       used 144201K, committed 146560K, reserved 1179648K
  class space    used 20741K, committed 21888K, reserved 1048576K
}
Event: 34.431 GC heap before
{Heap before GC invocations=72 (full 0):
 garbage-first heap   total 342016K, used 314266K [0x0000000080000000, 0x0000000100000000)
  region size 1024K, 111 young (113664K), 3 survivors (3072K)
 Metaspace       used 144372K, committed 146816K, reserved 1179648K
  class space    used 20749K, committed 21952K, reserved 1048576K
}
Event: 34.436 GC heap after
{Heap after GC invocations=73 (full 0):
 garbage-first heap   total 342016K, used 204806K [0x0000000080000000, 0x0000000100000000)
  region size 1024K, 4 young (4096K), 4 survivors (4096K)
 Metaspace       used 144372K, committed 146816K, reserved 1179648K
  class space    used 20749K, committed 21952K, reserved 1048576K
}
Event: 34.787 GC heap before
{Heap before GC invocations=73 (full 0):
 garbage-first heap   total 342016K, used 319494K [0x0000000080000000, 0x0000000100000000)
  region size 1024K, 116 young (118784K), 4 survivors (4096K)
 Metaspace       used 144818K, committed 147200K, reserved 1179648K
  class space    used 20821K, committed 22016K, reserved 1048576K
}
Event: 34.794 GC heap after
{Heap after GC invocations=74 (full 0):
 garbage-first heap   total 342016K, used 202347K [0x0000000080000000, 0x0000000100000000)
  region size 1024K, 4 young (4096K), 4 survivors (4096K)
 Metaspace       used 144818K, committed 147200K, reserved 1179648K
  class space    used 20821K, committed 22016K, reserved 1048576K
}
Event: 35.101 GC heap before
{Heap before GC invocations=74 (full 0):
 garbage-first heap   total 342016K, used 322155K [0x0000000080000000, 0x0000000100000000)
  region size 1024K, 122 young (124928K), 4 survivors (4096K)
 Metaspace       used 145030K, committed 147392K, reserved 1179648K
  class space    used 20851K, committed 22016K, reserved 1048576K
}
Event: 35.107 GC heap after
{Heap after GC invocations=75 (full 0):
 garbage-first heap   total 342016K, used 203318K [0x0000000080000000, 0x0000000100000000)
  region size 1024K, 5 young (5120K), 5 survivors (5120K)
 Metaspace       used 145030K, committed 147392K, reserved 1179648K
  class space    used 20851K, committed 22016K, reserved 1048576K
}

