# JRE version: OpenJDK Runtime Environment (21.0.9) (build 21.0.9+-14787801-b1163.94)
# Java VM: OpenJDK 64-Bit Server VM (21.0.9+-14787801-b1163.94, mixed mode, tiered, compressed oops, compressed class ptrs, g1 gc, windows-amd64)
GC Precious Log:
 CardTable entry size: 512
 Card Set container configuration: InlinePtr #cards 5 size 8 Array Of Cards #cards 12 size 40 Howl #buckets 4 coarsen threshold 1843 Howl Bitmap #cards 512 size 80 coarsen threshold 460 Card regions per heap region 1 cards per card region 2048
 CPUs: 12 total, 12 available
 Memory: 16076M
 Large Page Support: Disabled
 NUMA Support: Disabled
 Compressed Oops: Enabled (32-bit)
 Heap Region Size: 1M
 Heap Min Capacity: 8M
 Heap Initial Capacity: 252M
 Heap Max Capacity: 2G
 Pre-touch: Disabled
 Parallel Workers: 10
 Concurrent Workers: 3
 Concurrent Refinement Workers: 10
 Periodic GC: Disabled
Heap:
 garbage-first heap   total 271360K, used 115478K [0x0000000080000000, 0x0000000100000000)
  region size 1024K, 5 young (5120K), 5 survivors (5120K)
 Metaspace       used 113263K, committed 115584K, reserved 1179648K
  class space    used 16193K, committed 17344K, reserved 1048576K
GC Heap History (20 events):
Event: 19.926 GC heap after
{Heap after GC invocations=40 (full 0):
 garbage-first heap   total 159744K, used 94994K [0x0000000080000000, 0x0000000100000000)
  region size 1024K, 8 young (8192K), 8 survivors (8192K)
 Metaspace       used 105368K, committed 107584K, reserved 1179648K
  class space    used 15028K, committed 16128K, reserved 1048576K
}
Event: 20.623 GC heap before
{Heap before GC invocations=40 (full 0):
 garbage-first heap   total 159744K, used 149266K [0x0000000080000000, 0x0000000100000000)
  region size 1024K, 61 young (62464K), 8 survivors (8192K)
 Metaspace       used 109488K, committed 111808K, reserved 1179648K
  class space    used 15609K, committed 16768K, reserved 1048576K
}
Event: 20.629 GC heap after
{Heap after GC invocations=41 (full 0):
 garbage-first heap   total 160768K, used 97914K [0x0000000080000000, 0x0000000100000000)
  region size 1024K, 6 young (6144K), 6 survivors (6144K)
 Metaspace       used 109488K, committed 111808K, reserved 1179648K
  class space    used 15609K, committed 16768K, reserved 1048576K
}
Event: 21.152 GC heap before
{Heap before GC invocations=42 (full 0):
 garbage-first heap   total 163840K, used 152186K [0x0000000080000000, 0x0000000100000000)
  region size 1024K, 59 young (60416K), 6 survivors (6144K)
 Metaspace       used 110202K, committed 112512K, reserved 1179648K
  class space    used 15711K, committed 16832K, reserved 1048576K
}
Event: 21.162 GC heap after
{Heap after GC invocations=43 (full 0):
 garbage-first heap   total 166912K, used 106390K [0x0000000080000000, 0x0000000100000000)
  region size 1024K, 8 young (8192K), 8 survivors (8192K)
 Metaspace       used 110202K, committed 112512K, reserved 1179648K
  class space    used 15711K, committed 16832K, reserved 1048576K
}
Event: 22.016 GC heap before
{Heap before GC invocations=43 (full 0):
 garbage-first heap   total 166912K, used 153494K [0x0000000080000000, 0x0000000100000000)
  region size 1024K, 54 young (55296K), 8 survivors (8192K)
 Metaspace       used 112708K, committed 115008K, reserved 1179648K
  class space    used 16133K, committed 17280K, reserved 1048576K
}
Event: 22.026 GC heap after
{Heap after GC invocations=44 (full 0):
 garbage-first heap   total 168960K, used 111732K [0x0000000080000000, 0x0000000100000000)
  region size 1024K, 5 young (5120K), 5 survivors (5120K)
 Metaspace       used 112708K, committed 115008K, reserved 1179648K
  class space    used 16133K, committed 17280K, reserved 1048576K
}
Event: 22.117 GC heap before
{Heap before GC invocations=44 (full 0):
 garbage-first heap   total 168960K, used 154740K [0x0000000080000000, 0x0000000100000000)
  region size 1024K, 48 young (49152K), 5 survivors (5120K)
 Metaspace       used 112716K, committed 115008K, reserved 1179648K
  class space    used 16133K, committed 17280K, reserved 1048576K
}
Event: 22.122 GC heap after
{Heap after GC invocations=45 (full 0):
 garbage-first heap   total 168960K, used 112936K [0x0000000080000000, 0x0000000100000000)
  region size 1024K, 2 young (2048K), 2 survivors (2048K)
 Metaspace       used 112716K, committed 115008K, reserved 1179648K
  class space    used 16133K, committed 17280K, reserved 1048576K
}
Event: 22.308 GC heap before
{Heap before GC invocations=46 (full 0):
 garbage-first heap   total 189440K, used 156968K [0x0000000080000000, 0x0000000100000000)
  region size 1024K, 46 young (47104K), 2 survivors (2048K)
 Metaspace       used 112717K, committed 115008K, reserved 1179648K
  class space    used 16133K, committed 17280K, reserved 1048576K
}
Event: 22.312 GC heap after
{Heap after GC invocations=47 (full 0):
 garbage-first heap   total 189440K, used 113517K [0x0000000080000000, 0x0000000100000000)
  region size 1024K, 2 young (2048K), 2 survivors (2048K)
 Metaspace       used 112717K, committed 115008K, reserved 1179648K
  class space    used 16133K, committed 17280K, reserved 1048576K
}
Event: 22.871 GC heap before
{Heap before GC invocations=47 (full 0):
 garbage-first heap   total 189440K, used 177005K [0x0000000080000000, 0x0000000100000000)
  region size 1024K, 64 young (65536K), 2 survivors (2048K)
 Metaspace       used 113079K, committed 115456K, reserved 1179648K
  class space    used 16174K, committed 17344K, reserved 1048576K
}
Event: 22.877 GC heap after
{Heap after GC invocations=48 (full 0):
 garbage-first heap   total 189440K, used 114036K [0x0000000080000000, 0x0000000100000000)
  region size 1024K, 4 young (4096K), 4 survivors (4096K)
 Metaspace       used 113079K, committed 115456K, reserved 1179648K
  class space    used 16174K, committed 17344K, reserved 1048576K
}
Event: 23.055 GC heap before
{Heap before GC invocations=48 (full 0):
 garbage-first heap   total 189440K, used 176500K [0x0000000080000000, 0x0000000100000000)
  region size 1024K, 65 young (66560K), 4 survivors (4096K)
 Metaspace       used 113216K, committed 115584K, reserved 1179648K
  class space    used 16191K, committed 17344K, reserved 1048576K
}
Event: 23.060 GC heap after
{Heap after GC invocations=49 (full 0):
 garbage-first heap   total 189440K, used 114779K [0x0000000080000000, 0x0000000100000000)
  region size 1024K, 4 young (4096K), 4 survivors (4096K)
 Metaspace       used 113216K, committed 115584K, reserved 1179648K
  class space    used 16191K, committed 17344K, reserved 1048576K
}
Event: 23.264 GC heap before
{Heap before GC invocations=50 (full 0):
 garbage-first heap   total 193536K, used 177243K [0x0000000080000000, 0x0000000100000000)
  region size 1024K, 66 young (67584K), 4 survivors (4096K)
 Metaspace       used 113251K, committed 115584K, reserved 1179648K
  class space    used 16193K, committed 17344K, reserved 1048576K
}
Event: 23.270 GC heap after
{Heap after GC invocations=51 (full 0):
 garbage-first heap   total 193536K, used 115435K [0x0000000080000000, 0x0000000100000000)
  region size 1024K, 5 young (5120K), 5 survivors (5120K)
 Metaspace       used 113251K, committed 115584K, reserved 1179648K
  class space    used 16193K, committed 17344K, reserved 1048576K
}
Event: 23.387 GC heap before
{Heap before GC invocations=51 (full 0):
 garbage-first heap   total 193536K, used 181995K [0x0000000080000000, 0x0000000100000000)
  region size 1024K, 70 young (71680K), 5 survivors (5120K)
 Metaspace       used 113263K, committed 115584K, reserved 1179648K
  class space    used 16193K, committed 17344K, reserved 1048576K
}
Event: 23.394 GC heap after
{Heap after GC invocations=52 (full 0):
 garbage-first heap   total 193536K, used 114873K [0x0000000080000000, 0x0000000100000000)
  region size 1024K, 5 young (5120K), 5 survivors (5120K)
 Metaspace       used 113263K, committed 115584K, reserved 1179648K
  class space    used 16193K, committed 17344K, reserved 1048576K
}
Event: 23.490 GC heap before
{Heap before GC invocations=52 (full 0):
 garbage-first heap   total 193536K, used 181433K [0x0000000080000000, 0x0000000100000000)
  region size 1024K, 71 young (72704K), 5 survivors (5120K)
 Metaspace       used 113263K, committed 115584K, reserved 1179648K
  class space    used 16193K, committed 17344K, reserved 1048576K
}

